This file contains any messages produced by compilers while
running configure, to aid debugging if configure makes a mistake.

It was created by wavedump configure 3.5.3, which was
generated by GNU Autoconf 2.63.  Invocation command line was

  $ ./configure 

## --------- ##
## Platform. ##
## --------- ##

hostname = lxsuperb3.pd.infn.it
uname -m = x86_64
uname -r = 2.6.32-573.3.1.el6.x86_64
uname -s = Linux
uname -v = #1 SMP Thu Aug 13 12:55:33 CDT 2015

/usr/bin/uname -p = unknown
/bin/uname -X     = unknown

/bin/arch              = x86_64
/usr/bin/arch -k       = unknown
/usr/convex/getsysinfo = unknown
/usr/bin/hostinfo      = unknown
/bin/machine           = unknown
/usr/bin/oslevel       = unknown
/bin/universe          = unknown

PATH: /home/lhcb/bin
PATH: /usr/lib64/qt-3.3/bin
PATH: /usr/share/TEX_Live/bin/i386-linux
PATH: /usr/kerberos/sbin
PATH: /usr/kerberos/bin
PATH: /usr/local/bin
PATH: /usr/bin
PATH: /bin
PATH: /usr/local/sbin
PATH: /usr/sbin
PATH: /sbin
PATH: /usr/libexec/sdcc
PATH: /usr/common/bin
PATH: /home/lhcb/bin
PATH: /opt/exp_software/superb/cern/root/5.26/bin


## ----------- ##
## Core tests. ##
## ----------- ##

configure:1873: checking for a BSD-compatible install
configure:1941: result: /usr/bin/install -c
configure:1952: checking whether build environment is sane
configure:2012: result: yes
configure:2153: checking for a thread-safe mkdir -p
configure:2192: result: /bin/mkdir -p
configure:2205: checking for gawk
configure:2221: found /usr/bin/gawk
configure:2232: result: gawk
configure:2243: checking whether make sets $(MAKE)
configure:2265: result: yes
configure:2399: checking for gcc
configure:2415: found /usr/bin/gcc
configure:2426: result: gcc
configure:2658: checking for C compiler version
configure:2666: gcc --version >&5
gcc (GCC) 4.4.7 20120313 (Red Hat 4.4.7-16)
Copyright (C) 2010 Free Software Foundation, Inc.
This is free software; see the source for copying conditions.  There is NO
warranty; not even for MERCHANTABILITY or FITNESS FOR A PARTICULAR PURPOSE.

configure:2670: $? = 0
configure:2677: gcc -v >&5
Using built-in specs.
Target: x86_64-redhat-linux
Configured with: ../configure --prefix=/usr --mandir=/usr/share/man --infodir=/usr/share/info --with-bugurl=http://bugzilla.redhat.com/bugzilla --enable-bootstrap --enable-shared --enable-threads=posix --enable-checking=release --with-system-zlib --enable-__cxa_atexit --disable-libunwind-exceptions --enable-gnu-unique-object --enable-languages=c,c++,objc,obj-c++,java,fortran,ada --enable-java-awt=gtk --disable-dssi --with-java-home=/usr/lib/jvm/java-1.5.0-gcj-1.5.0.0/jre --enable-libgcj-multifile --enable-java-maintainer-mode --with-ecj-jar=/usr/share/java/eclipse-ecj.jar --disable-libjava-multilib --with-ppl --with-cloog --with-tune=generic --with-arch_32=i686 --build=x86_64-redhat-linux
Thread model: posix
gcc version 4.4.7 20120313 (Red Hat 4.4.7-16) (GCC) 
configure:2681: $? = 0
configure:2688: gcc -V >&5
gcc: '-V' option must have argument
configure:2692: $? = 1
configure:2715: checking for C compiler default output file name
configure:2737: gcc    conftest.c  >&5
configure:2741: $? = 0
configure:2779: result: a.out
configure:2798: checking whether the C compiler works
configure:2808: ./a.out
configure:2812: $? = 0
configure:2831: result: yes
configure:2838: checking whether we are cross compiling
configure:2840: result: no
configure:2843: checking for suffix of executables
configure:2850: gcc -o conftest    conftest.c  >&5
configure:2854: $? = 0
configure:2880: result: 
configure:2886: checking for suffix of object files
configure:2912: gcc -c   conftest.c >&5
configure:2916: $? = 0
configure:2941: result: o
configure:2945: checking whether we are using the GNU C compiler
configure:2974: gcc -c   conftest.c >&5
configure:2981: $? = 0
configure:2998: result: yes
configure:3007: checking whether gcc accepts -g
configure:3037: gcc -c -g  conftest.c >&5
configure:3044: $? = 0
configure:3145: result: yes
configure:3162: checking for gcc option to accept ISO C89
configure:3236: gcc  -c -g -O2  conftest.c >&5
configure:3243: $? = 0
configure:3266: result: none needed
configure:3295: checking for style of include used by make
configure:3323: result: GNU
configure:3348: checking dependency style of gcc
configure:3458: result: gcc3
configure:3487: checking for a BSD-compatible install
configure:3555: result: /usr/bin/install -c
configure:3578: checking how to run the C preprocessor
configure:3618: gcc -E  conftest.c
configure:3625: $? = 0
configure:3656: gcc -E  conftest.c
conftest.c:11:28: error: ac_nonexistent.h: No such file or directory
configure:3663: $? = 1
configure: failed program was:
| /* confdefs.h.  */
| #define PACKAGE_NAME "wavedump"
| #define PACKAGE_TARNAME "wavedump"
| #define PACKAGE_VERSION "3.5.3"
| #define PACKAGE_STRING "wavedump 3.5.3"
| #define PACKAGE_BUGREPORT "support.computing@caen.it"
| #define PACKAGE "wavedump"
| #define VERSION "3.5.3"
| #define LINUX 1
| /* end confdefs.h.  */
| #include <ac_nonexistent.h>
configure:3696: result: gcc -E
configure:3725: gcc -E  conftest.c
configure:3732: $? = 0
configure:3763: gcc -E  conftest.c
conftest.c:11:28: error: ac_nonexistent.h: No such file or directory
configure:3770: $? = 1
configure: failed program was:
| /* confdefs.h.  */
| #define PACKAGE_NAME "wavedump"
| #define PACKAGE_TARNAME "wavedump"
| #define PACKAGE_VERSION "3.5.3"
| #define PACKAGE_STRING "wavedump 3.5.3"
| #define PACKAGE_BUGREPORT "support.computing@caen.it"
| #define PACKAGE "wavedump"
| #define VERSION "3.5.3"
| #define LINUX 1
| /* end confdefs.h.  */
| #include <ac_nonexistent.h>
configure:3810: checking for grep that handles long lines and -e
configure:3870: result: /bin/grep
configure:3875: checking for egrep
configure:3939: result: /bin/grep -E
configure:3944: checking for ANSI C header files
configure:3974: gcc -c -g -O2  conftest.c >&5
configure:3981: $? = 0
configure:4080: gcc -o conftest -g -O2   conftest.c  >&5
configure:4084: $? = 0
configure:4090: ./conftest
configure:4094: $? = 0
configure:4112: result: yes
configure:4136: checking for sys/types.h
configure:4157: gcc -c -g -O2  conftest.c >&5
configure:4164: $? = 0
configure:4181: result: yes
configure:4136: checking for sys/stat.h
configure:4157: gcc -c -g -O2  conftest.c >&5
configure:4164: $? = 0
configure:4181: result: yes
configure:4136: checking for stdlib.h
configure:4157: gcc -c -g -O2  conftest.c >&5
configure:4164: $? = 0
configure:4181: result: yes
configure:4136: checking for string.h
configure:4157: gcc -c -g -O2  conftest.c >&5
configure:4164: $? = 0
configure:4181: result: yes
configure:4136: checking for memory.h
configure:4157: gcc -c -g -O2  conftest.c >&5
configure:4164: $? = 0
configure:4181: result: yes
configure:4136: checking for strings.h
configure:4157: gcc -c -g -O2  conftest.c >&5
configure:4164: $? = 0
configure:4181: result: yes
configure:4136: checking for inttypes.h
configure:4157: gcc -c -g -O2  conftest.c >&5
configure:4164: $? = 0
configure:4181: result: yes
configure:4136: checking for stdint.h
configure:4157: gcc -c -g -O2  conftest.c >&5
configure:4164: $? = 0
configure:4181: result: yes
configure:4136: checking for unistd.h
configure:4157: gcc -c -g -O2  conftest.c >&5
configure:4164: $? = 0
configure:4181: result: yes
configure:4205: checking CAENDigitizer.h usability
configure:4222: gcc -c -g -O2  conftest.c >&5
configure:4229: $? = 0
configure:4243: result: yes
configure:4247: checking CAENDigitizer.h presence
configure:4262: gcc -E  conftest.c
configure:4269: $? = 0
configure:4283: result: yes
configure:4316: checking for CAENDigitizer.h
configure:4323: result: yes
configure:4344: checking CAENDigitizerType.h usability
configure:4361: gcc -c -g -O2  conftest.c >&5
configure:4368: $? = 0
configure:4382: result: yes
configure:4386: checking CAENDigitizerType.h presence
configure:4401: gcc -E  conftest.c
configure:4408: $? = 0
configure:4422: result: yes
configure:4455: checking for CAENDigitizerType.h
configure:4462: result: yes
configure:4473: checking for CAEN_DGTZ_OpenDigitizer in -lCAENDigitizer
configure:4508: gcc -o conftest -g -O2   conftest.c -lCAENDigitizer   >&5
configure:4515: $? = 0
configure:4536: result: yes
configure:4554: checking for gnuplot
configure:4570: found /usr/bin/gnuplot
configure:4582: result: ok
configure:4601: WARNING: 
configure:4604: checking for ANSI C header files
configure:4772: result: yes
configure:4805: checking malloc.h usability
configure:4822: gcc -c -g -O2  conftest.c >&5
configure:4829: $? = 0
configure:4843: result: yes
configure:4847: checking malloc.h presence
configure:4862: gcc -E  conftest.c
configure:4869: $? = 0
configure:4883: result: yes
configure:4916: checking for malloc.h
configure:4925: result: yes
configure:4794: checking for stdint.h
configure:4801: result: yes
configure:4794: checking for stdlib.h
configure:4801: result: yes
configure:4794: checking for string.h
configure:4801: result: yes
configure:4805: checking sys/time.h usability
configure:4822: gcc -c -g -O2  conftest.c >&5
configure:4829: $? = 0
configure:4843: result: yes
configure:4847: checking sys/time.h presence
configure:4862: gcc -E  conftest.c
configure:4869: $? = 0
configure:4883: result: yes
configure:4916: checking for sys/time.h
configure:4925: result: yes
configure:4805: checking sys/timeb.h usability
configure:4822: gcc -c -g -O2  conftest.c >&5
configure:4829: $? = 0
configure:4843: result: yes
configure:4847: checking sys/timeb.h presence
configure:4862: gcc -E  conftest.c
configure:4869: $? = 0
configure:4883: result: yes
configure:4916: checking for sys/timeb.h
configure:4925: result: yes
configure:4805: checking termios.h usability
configure:4822: gcc -c -g -O2  conftest.c >&5
configure:4829: $? = 0
configure:4843: result: yes
configure:4847: checking termios.h presence
configure:4862: gcc -E  conftest.c
configure:4869: $? = 0
configure:4883: result: yes
configure:4916: checking for termios.h
configure:4925: result: yes
configure:4794: checking for unistd.h
configure:4801: result: yes
configure:4942: checking for an ANSI C-conforming const
configure:5017: gcc -c -g -O2  conftest.c >&5
configure:5024: $? = 0
configure:5039: result: yes
configure:5049: checking whether time.h and sys/time.h may both be included
configure:5079: gcc -c -g -O2  conftest.c >&5
configure:5086: $? = 0
configure:5101: result: yes
configure:5118: checking for stdlib.h
configure:5125: result: yes
configure:5264: checking for GNU libc compatible malloc
configure:5298: gcc -o conftest -g -O2   conftest.c  >&5
configure:5302: $? = 0
configure:5308: ./conftest
configure:5312: $? = 0
configure:5329: result: yes
configure:5374: checking sys/select.h usability
configure:5391: gcc -c -g -O2  conftest.c >&5
configure:5398: $? = 0
configure:5412: result: yes
configure:5416: checking sys/select.h presence
configure:5431: gcc -E  conftest.c
configure:5438: $? = 0
configure:5452: result: yes
configure:5485: checking for sys/select.h
configure:5494: result: yes
configure:5374: checking sys/socket.h usability
configure:5391: gcc -c -g -O2  conftest.c >&5
configure:5398: $? = 0
configure:5412: result: yes
configure:5416: checking sys/socket.h presence
configure:5431: gcc -E  conftest.c
configure:5438: $? = 0
configure:5452: result: yes
configure:5485: checking for sys/socket.h
configure:5494: result: yes
configure:5509: checking types of arguments for select
configure:5547: gcc -c -g -O2  conftest.c >&5
configure:5554: $? = 0
configure:5575: result: int,fd_set *,struct timeval *
configure:5607: checking for atexit
configure:5663: gcc -o conftest -g -O2   conftest.c  >&5
configure:5670: $? = 0
configure:5692: result: yes
configure:5607: checking for gettimeofday
configure:5663: gcc -o conftest -g -O2   conftest.c  >&5
configure:5670: $? = 0
configure:5692: result: yes
configure:5607: checking for memset
configure:5663: gcc -o conftest -g -O2   conftest.c  >&5
conftest.c:63: warning: conflicting types for built-in function 'memset'
configure:5670: $? = 0
configure:5692: result: yes
configure:5607: checking for pow
configure:5663: gcc -o conftest -g -O2   conftest.c  >&5
conftest.c:64: warning: conflicting types for built-in function 'pow'
/tmp/ccpxRpdz.o: In function `main':
/home/lhcb/g-2/daq/conftest.c:75: undefined reference to `pow'
collect2: ld returned 1 exit status
configure:5670: $? = 1
configure: failed program was:
| /* confdefs.h.  */
| #define PACKAGE_NAME "wavedump"
| #define PACKAGE_TARNAME "wavedump"
| #define PACKAGE_VERSION "3.5.3"
| #define PACKAGE_STRING "wavedump 3.5.3"
| #define PACKAGE_BUGREPORT "support.computing@caen.it"
| #define PACKAGE "wavedump"
| #define VERSION "3.5.3"
| #define LINUX 1
| #define STDC_HEADERS 1
| #define HAVE_SYS_TYPES_H 1
| #define HAVE_SYS_STAT_H 1
| #define HAVE_STDLIB_H 1
| #define HAVE_STRING_H 1
| #define HAVE_MEMORY_H 1
| #define HAVE_STRINGS_H 1
| #define HAVE_INTTYPES_H 1
| #define HAVE_STDINT_H 1
| #define HAVE_UNISTD_H 1
| #define STDC_HEADERS 1
| #define HAVE_MALLOC_H 1
| #define HAVE_STDINT_H 1
| #define HAVE_STDLIB_H 1
| #define HAVE_STRING_H 1
| #define HAVE_SYS_TIME_H 1
| #define HAVE_SYS_TIMEB_H 1
| #define HAVE_TERMIOS_H 1
| #define HAVE_UNISTD_H 1
| #define TIME_WITH_SYS_TIME 1
| #define HAVE_STDLIB_H 1
| #define HAVE_MALLOC 1
| #define HAVE_SYS_SELECT_H 1
| #define HAVE_SYS_SOCKET_H 1
| #define SELECT_TYPE_ARG1 int
| #define SELECT_TYPE_ARG234 (fd_set *)
| #define SELECT_TYPE_ARG5 (struct timeval *)
| #define HAVE_ATEXIT 1
| #define HAVE_GETTIMEOFDAY 1
| #define HAVE_MEMSET 1
| /* end confdefs.h.  */
| /* Define pow to an innocuous variant, in case <limits.h> declares pow.
|    For example, HP-UX 11i <limits.h> declares gettimeofday.  */
| #define pow innocuous_pow
| 
| /* System header to define __stub macros and hopefully few prototypes,
|     which can conflict with char pow (); below.
|     Prefer <limits.h> to <assert.h> if __STDC__ is defined, since
|     <limits.h> exists even on freestanding compilers.  */
| 
| #ifdef __STDC__
| # include <limits.h>
| #else
| # include <assert.h>
| #endif
| 
| #undef pow
| 
| /* Override any GCC internal prototype to avoid an error.
|    Use char because int might match the return type of a GCC
|    builtin and then its argument prototype would still apply.  */
| #ifdef __cplusplus
| extern "C"
| #endif
| char pow ();
| /* The GNU C library defines this for functions which it implements
|     to always fail with ENOSYS.  Some functions are actually named
|     something starting with __ and the normal name is an alias.  */
| #if defined __stub_pow || defined __stub___pow
| choke me
| #endif
| 
| int
| main ()
| {
| return pow ();
|   ;
|   return 0;
| }
configure:5692: result: no
configure:5607: checking for select
configure:5663: gcc -o conftest -g -O2   conftest.c  >&5
configure:5670: $? = 0
configure:5692: result: yes
configure:5607: checking for strstr
configure:5663: gcc -o conftest -g -O2   conftest.c  >&5
conftest.c:65: warning: conflicting types for built-in function 'strstr'
configure:5670: $? = 0
configure:5692: result: yes
configure:5708: checking for gnuplot
configure:5724: found /usr/bin/gnuplot
configure:5736: result: yes
configure:5909: creating ./config.status

## ---------------------- ##
## Running config.status. ##
## ---------------------- ##

This file was extended by wavedump config.status 3.5.3, which was
generated by GNU Autoconf 2.63.  Invocation command line was

  CONFIG_FILES    = 
  CONFIG_HEADERS  = 
  CONFIG_LINKS    = 
  CONFIG_COMMANDS = 
  $ ./config.status 

on lxsuperb3.pd.infn.it

config.status:699: creating Makefile
config.status:699: creating src/Makefile
config.status:910: executing depfiles commands

## ---------------- ##
## Cache variables. ##
## ---------------- ##

ac_cv_c_compiler_gnu=yes
ac_cv_c_const=yes
ac_cv_env_CC_set=
ac_cv_env_CC_value=
ac_cv_env_CFLAGS_set=
ac_cv_env_CFLAGS_value=
ac_cv_env_CPPFLAGS_set=
ac_cv_env_CPPFLAGS_value=
ac_cv_env_CPP_set=
ac_cv_env_CPP_value=
ac_cv_env_LDFLAGS_set=
ac_cv_env_LDFLAGS_value=
ac_cv_env_LIBS_set=
ac_cv_env_LIBS_value=
ac_cv_env_build_alias_set=
ac_cv_env_build_alias_value=
ac_cv_env_host_alias_set=
ac_cv_env_host_alias_value=
ac_cv_env_target_alias_set=
ac_cv_env_target_alias_value=
ac_cv_func_atexit=yes
ac_cv_func_gettimeofday=yes
ac_cv_func_malloc_0_nonnull=yes
ac_cv_func_memset=yes
ac_cv_func_pow=no
ac_cv_func_select=yes
ac_cv_func_select_args='int,fd_set *,struct timeval *'
ac_cv_func_strstr=yes
ac_cv_header_CAENDigitizerType_h=yes
ac_cv_header_CAENDigitizer_h=yes
ac_cv_header_inttypes_h=yes
ac_cv_header_malloc_h=yes
ac_cv_header_memory_h=yes
ac_cv_header_stdc=yes
ac_cv_header_stdint_h=yes
ac_cv_header_stdlib_h=yes
ac_cv_header_string_h=yes
ac_cv_header_strings_h=yes
ac_cv_header_sys_select_h=yes
ac_cv_header_sys_socket_h=yes
ac_cv_header_sys_stat_h=yes
ac_cv_header_sys_time_h=yes
ac_cv_header_sys_timeb_h=yes
ac_cv_header_sys_types_h=yes
ac_cv_header_termios_h=yes
ac_cv_header_time=yes
ac_cv_header_unistd_h=yes
ac_cv_lib_CAENDigitizer_CAEN_DGTZ_OpenDigitizer=yes
ac_cv_objext=o
ac_cv_path_EGREP='/bin/grep -E'
ac_cv_path_GREP=/bin/grep
ac_cv_path_install='/usr/bin/install -c'
ac_cv_path_mkdir=/bin/mkdir
ac_cv_prog_AWK=gawk
ac_cv_prog_CPP='gcc -E'
ac_cv_prog_GNUPLOT=ok
ac_cv_prog_HAVE_GNUPLOT=yes
ac_cv_prog_ac_ct_CC=gcc
ac_cv_prog_cc_c89=
ac_cv_prog_cc_g=yes
ac_cv_prog_make_make_set=yes
am_cv_CC_dependencies_compiler_type=gcc3

## ----------------- ##
## Output variables. ##
## ----------------- ##

ACLOCAL='${SHELL} /home/lhcb/g-2/daq/src/missing --run aclocal-1.11'
AMDEPBACKSLASH='\'
AMDEP_FALSE='#'
AMDEP_TRUE=''
AMTAR='${SHELL} /home/lhcb/g-2/daq/src/missing --run tar'
AUTOCONF='${SHELL} /home/lhcb/g-2/daq/src/missing --run autoconf'
AUTOHEADER='${SHELL} /home/lhcb/g-2/daq/src/missing --run autoheader'
AUTOMAKE='${SHELL} /home/lhcb/g-2/daq/src/missing --run automake-1.11'
AWK='gawk'
CC='gcc'
CCDEPMODE='depmode=gcc3'
CFLAGS='-g -O2'
CPP='gcc -E'
CPPFLAGS=''
CYGPATH_W='echo'
DEFS='-DPACKAGE_NAME=\"wavedump\" -DPACKAGE_TARNAME=\"wavedump\" -DPACKAGE_VERSION=\"3.5.3\" -DPACKAGE_STRING=\"wavedump\ 3.5.3\" -DPACKAGE_BUGREPORT=\"support.computing@caen.it\" -DPACKAGE=\"wavedump\" -DVERSION=\"3.5.3\" -DLINUX=1 -DSTDC_HEADERS=1 -DHAVE_SYS_TYPES_H=1 -DHAVE_SYS_STAT_H=1 -DHAVE_STDLIB_H=1 -DHAVE_STRING_H=1 -DHAVE_MEMORY_H=1 -DHAVE_STRINGS_H=1 -DHAVE_INTTYPES_H=1 -DHAVE_STDINT_H=1 -DHAVE_UNISTD_H=1 -DSTDC_HEADERS=1 -DHAVE_MALLOC_H=1 -DHAVE_STDINT_H=1 -DHAVE_STDLIB_H=1 -DHAVE_STRING_H=1 -DHAVE_SYS_TIME_H=1 -DHAVE_SYS_TIMEB_H=1 -DHAVE_TERMIOS_H=1 -DHAVE_UNISTD_H=1 -DTIME_WITH_SYS_TIME=1 -DHAVE_STDLIB_H=1 -DHAVE_MALLOC=1 -DHAVE_SYS_SELECT_H=1 -DHAVE_SYS_SOCKET_H=1 -DSELECT_TYPE_ARG1=int -DSELECT_TYPE_ARG234=\(fd_set\ \*\) -DSELECT_TYPE_ARG5=\(struct\ timeval\ \*\) -DHAVE_ATEXIT=1 -DHAVE_GETTIMEOFDAY=1 -DHAVE_MEMSET=1 -DHAVE_SELECT=1 -DHAVE_STRSTR=1'
DEPDIR='.deps'
ECHO_C=''
ECHO_N='-n'
ECHO_T=''
EGREP='/bin/grep -E'
EXEEXT=''
GNUPLOT='ok'
GREP='/bin/grep'
HAVE_GNUPLOT='yes'
INSTALL_DATA='${INSTALL} -m 644'
INSTALL_PROGRAM='${INSTALL}'
INSTALL_SCRIPT='${INSTALL}'
INSTALL_STRIP_PROGRAM='$(install_sh) -c -s'
LDFLAGS=''
LIBOBJS=''
LIBS=''
LTLIBOBJS=''
MAKEINFO='${SHELL} /home/lhcb/g-2/daq/src/missing --run makeinfo'
MKDIR_P='/bin/mkdir -p'
OBJEXT='o'
PACKAGE='wavedump'
PACKAGE_BUGREPORT='support.computing@caen.it'
PACKAGE_NAME='wavedump'
PACKAGE_STRING='wavedump 3.5.3'
PACKAGE_TARNAME='wavedump'
PACKAGE_VERSION='3.5.3'
PATH_SEPARATOR=':'
SET_MAKE=''
SHELL='/bin/sh'
STRIP=''
VERSION='3.5.3'
ac_ct_CC='gcc'
am__EXEEXT_FALSE=''
am__EXEEXT_TRUE='#'
am__fastdepCC_FALSE='#'
am__fastdepCC_TRUE=''
am__include='include'
am__isrc=''
am__leading_dot='.'
am__quote=''
am__tar='${AMTAR} chof - "$$tardir"'
am__untar='${AMTAR} xf -'
bindir='${exec_prefix}/bin'
build_alias=''
datadir='${datarootdir}'
datarootdir='${prefix}/share'
docdir='${datarootdir}/doc/${PACKAGE_TARNAME}'
dvidir='${docdir}'
exec_prefix='${prefix}'
host_alias=''
htmldir='${docdir}'
includedir='${prefix}/include'
infodir='${datarootdir}/info'
install_sh='${SHELL} /home/lhcb/g-2/daq/src/install-sh'
libdir='${exec_prefix}/lib'
libexecdir='${exec_prefix}/libexec'
localedir='${datarootdir}/locale'
localstatedir='${prefix}/var'
mandir='${datarootdir}/man'
mkdir_p='/bin/mkdir -p'
oldincludedir='/usr/include'
pdfdir='${docdir}'
prefix='/usr/local'
program_transform_name='s,x,x,'
psdir='${docdir}'
sbindir='${exec_prefix}/sbin'
sharedstatedir='${prefix}/com'
sysconfdir='${prefix}/etc'
target_alias=''

## ----------- ##
## confdefs.h. ##
## ----------- ##

#define PACKAGE_NAME "wavedump"
#define PACKAGE_TARNAME "wavedump"
#define PACKAGE_VERSION "3.5.3"
#define PACKAGE_STRING "wavedump 3.5.3"
#define PACKAGE_BUGREPORT "support.computing@caen.it"
#define PACKAGE "wavedump"
#define VERSION "3.5.3"
#define LINUX 1
#define STDC_HEADERS 1
#define HAVE_SYS_TYPES_H 1
#define HAVE_SYS_STAT_H 1
#define HAVE_STDLIB_H 1
#define HAVE_STRING_H 1
#define HAVE_MEMORY_H 1
#define HAVE_STRINGS_H 1
#define HAVE_INTTYPES_H 1
#define HAVE_STDINT_H 1
#define HAVE_UNISTD_H 1
#define STDC_HEADERS 1
#define HAVE_MALLOC_H 1
#define HAVE_STDINT_H 1
#define HAVE_STDLIB_H 1
#define HAVE_STRING_H 1
#define HAVE_SYS_TIME_H 1
#define HAVE_SYS_TIMEB_H 1
#define HAVE_TERMIOS_H 1
#define HAVE_UNISTD_H 1
#define TIME_WITH_SYS_TIME 1
#define HAVE_STDLIB_H 1
#define HAVE_MALLOC 1
#define HAVE_SYS_SELECT_H 1
#define HAVE_SYS_SOCKET_H 1
#define SELECT_TYPE_ARG1 int
#define SELECT_TYPE_ARG234 (fd_set *)
#define SELECT_TYPE_ARG5 (struct timeval *)
#define HAVE_ATEXIT 1
#define HAVE_GETTIMEOFDAY 1
#define HAVE_MEMSET 1
#define HAVE_SELECT 1
#define HAVE_STRSTR 1

configure: exit 0
